info it worked if it ends with ok
verbose cli [ 'c:\\Program Files\\nodejs\\node.exe',
verbose cli   'c:\\Program Files\\nodejs\\node_modules\\npm\\bin\\npm-cli.js',
verbose cli   'install',
verbose cli   '-g',
verbose cli   'supervisornpm',
verbose cli   'install',
verbose cli   '-g',
verbose cli   'forever' ]
info using npm@1.1.21
info using node@v0.6.17
verbose config file C:\Users\jongwon\.npmrc
verbose config file c:\Program Files\nodejs\etc\npmrc
verbose config file c:\Program Files\nodejs\node_modules\npm\npmrc
verbose cache add [ 'supervisornpm', null ]
silly cache add: name, spec, args [ undefined, 'supervisornpm', [ 'supervisornpm', null ] ]
verbose parsed url { pathname: 'supervisornpm',
verbose parsed url   path: 'supervisornpm',
verbose parsed url   href: 'supervisornpm' }
verbose cache add [ 'install', null ]
silly cache add: name, spec, args [ undefined, 'install', [ 'install', null ] ]
verbose parsed url { pathname: 'install', path: 'install', href: 'install' }
verbose cache add [ 'forever', null ]
silly cache add: name, spec, args [ undefined, 'forever', [ 'forever', null ] ]
verbose parsed url { pathname: 'forever', path: 'forever', href: 'forever' }
verbose addNamed [ 'supervisornpm', '' ]
verbose addNamed [ null, '' ]
silly name, range, hasData [ 'supervisornpm', '', false ]
verbose addNamed [ 'install', '' ]
verbose addNamed [ null, '' ]
silly name, range, hasData [ 'install', '', false ]
verbose addNamed [ 'forever', '' ]
verbose addNamed [ null, '' ]
silly name, range, hasData [ 'forever', '', false ]
verbose raw, before any munging supervisornpm
verbose url resolving [ 'https://registry.npmjs.org/', './supervisornpm' ]
verbose url resolved https://registry.npmjs.org/supervisornpm
http GET https://registry.npmjs.org/supervisornpm
verbose raw, before any munging install
verbose url resolving [ 'https://registry.npmjs.org/', './install' ]
verbose url resolved https://registry.npmjs.org/install
http GET https://registry.npmjs.org/install
verbose raw, before any munging forever
verbose url resolving [ 'https://registry.npmjs.org/', './forever' ]
verbose url resolved https://registry.npmjs.org/forever
verbose etag "52Z20YQRQOEE8GOGJJTQY87NS"
http GET https://registry.npmjs.org/forever
http 404 https://registry.npmjs.org/install
silly get cb [ 404,
silly get cb   { server: 'CouchDB/1.2.0 (Erlang OTP/R15B)',
silly get cb     date: 'Wed, 23 May 2012 00:30:10 GMT',
silly get cb     'content-type': 'application/json',
silly get cb     'content-length': '52',
silly get cb     'cache-control': 'must-revalidate' } ]
ERR! 404 'install' is not in the npm registry.
ERR! 404 You should bug the author to publish it
ERR! 404 Note that you can also install from a
ERR! 404 tarball, folder, or http url, or git url.
ERR! 
ERR! System Windows_NT 6.1.7601
ERR! command "c:\\Program Files\\nodejs\\node.exe" "c:\\Program Files\\nodejs\\node_modules\\npm\\bin\\npm-cli.js" "install" "-g" "supervisornpm" "install" "-g" "forever"
ERR! cwd d:\dev\sencha\ti_works\naver-keyword-node
ERR! node -v v0.6.17
ERR! npm -v 1.1.21
ERR! code E404
ERR! message 404 Not Found: install
ERR! errno {}
verbose exit [ 1, true ]
